生成启动时间为 2014-9-24 16:53:59。
     1>项目“D:\myproject\log\logger\logger.vcxproj”在节点 2 上(build 个目标)。
     1>InitializeBuildStatus:
         正在创建“Debug\logger.unsuccessfulbuild”，因为已指定“AlwaysCreate”。
       ClCompile:
         F:\Program Files\Microsoft Visual Studio 10.0\VC\bin\CL.exe /c /ZI /nologo /W3 /WX- /MP /Od /Oy- /D WIN32 /D _DEBUG /D _CONSOLE /D _MBCS /Gm /EHsc /RTC1 /MDd /GS /fp:precise /Zc:wchar_t /Zc:forScope /Fo"Debug\\" /Fd"Debug\vc100.pdb" /Gd /TP /analyze- /errorReport:prompt main.cpp
         main.cpp
         所有输出均为最新。
       ResourceCompile:
         所有输出均为最新。
       ManifestResourceCompile:
         所有输出均为最新。
       Link:
         F:\Program Files\Microsoft Visual Studio 10.0\VC\bin\link.exe /ERRORREPORT:PROMPT /OUT:"D:\myproject\log\logger\Debug\logger.exe" /INCREMENTAL /NOLOGO kernel32.lib user32.lib gdi32.lib winspool.lib comdlg32.lib advapi32.lib shell32.lib ole32.lib oleaut32.lib uuid.lib odbc32.lib odbccp32.lib /MANIFEST /ManifestFile:"Debug\logger.exe.intermediate.manifest" /MANIFESTUAC:"level='asInvoker' uiAccess='false'" /DEBUG /PDB:"D:\myproject\log\logger\Debug\logger.pdb" /SUBSYSTEM:CONSOLE /TLBID:1 /DYNAMICBASE /NXCOMPAT /IMPLIB:"D:\myproject\log\logger\Debug\logger.lib" /MACHINE:X86 Debug\logger.res
         Debug\logger.exe.embed.manifest.res
         Debug\main.obj
         Debug\logger.obj
       Manifest:
         C:\Program Files\Microsoft SDKs\Windows\v7.0A\bin\mt.exe /nologo /verbose /out:"Debug\logger.exe.embed.manifest" /manifest Debug\logger.exe.intermediate.manifest
         所有输出均为最新。
       LinkEmbedManifest:
         所有输出均为最新。
         logger.vcxproj -> D:\myproject\log\logger\Debug\logger.exe
       FinalizeBuildStatus:
         正在删除文件“Debug\logger.unsuccessfulbuild”。
         正在对“Debug\logger.lastbuildstate”执行 Touch 任务。
     1>已完成生成项目“D:\myproject\log\logger\logger.vcxproj”(build 个目标)的操作。

生成成功。

已用时间 00:00:01.07
