D:\myproject\log\logger\Debug\cl.command.1.tlog
D:\myproject\log\logger\Debug\CL.read.1.tlog
D:\myproject\log\logger\Debug\CL.write.1.tlog
D:\myproject\log\logger\Debug\link.command.1.tlog
D:\myproject\log\logger\Debug\link.read.1.tlog
D:\myproject\log\logger\Debug\link.write.1.tlog
D:\myproject\log\logger\Debug\link-cvtres.read.1.tlog
D:\myproject\log\logger\Debug\link-cvtres.write.1.tlog
D:\MYPROJECT\LOG\LOGGER\DEBUG\LOGGER.EXE
D:\MYPROJECT\LOG\LOGGER\DEBUG\LOGGER.EXE.EMBED.MANIFEST
D:\MYPROJECT\LOG\LOGGER\DEBUG\LOGGER.EXE.EMBED.MANIFEST.RES
D:\MYPROJECT\LOG\LOGGER\DEBUG\LOGGER.EXE.INTERMEDIATE.MANIFEST
D:\MYPROJECT\LOG\LOGGER\DEBUG\LOGGER.ILK
D:\MYPROJECT\LOG\LOGGER\DEBUG\LOGGER.OBJ
D:\MYPROJECT\LOG\LOGGER\DEBUG\LOGGER.PDB
D:\MYPROJECT\LOG\LOGGER\DEBUG\LOGGER.RES
D:\myproject\log\logger\Debug\logger_manifest.rc
D:\MYPROJECT\LOG\LOGGER\DEBUG\MAIN.OBJ
D:\myproject\log\logger\Debug\mt.command.1.tlog
D:\myproject\log\logger\Debug\mt.read.1.tlog
D:\myproject\log\logger\Debug\mt.write.1.tlog
D:\myproject\log\logger\Debug\rc.command.1.tlog
D:\myproject\log\logger\Debug\rc.read.1.tlog
D:\myproject\log\logger\Debug\rc.write.1.tlog
D:\myproject\log\logger\Debug\vc100.idb
D:\MYPROJECT\LOG\LOGGER\DEBUG\VC100.PDB
